<?xml version="1.0" encoding="UTF-8"?>
<testsuite xmlns:xsi="http://www.w3.org/2001/XMLSchema-instance" xsi:noNamespaceSchemaLocation="https://maven.apache.org/surefire/maven-surefire-plugin/xsd/surefire-test-report.xsd" version="3.0.2" name="com.example.Productos.ProductosApplicationTests" time="5.466" tests="1" errors="0" skipped="0" failures="0">
  <properties>
[...]
</properties>
  <testcase name="contextLoads" classname="com.example.Productos.ProductosApplicationTests" time="0.297">
    <system-out><![CDATA[12:52:49.360 [main] INFO org.springframework.test.context.support.AnnotationConfigContextLoaderUtils -- Could not detect default configuration classes for test class [com.example.Productos.ProductosApplicationTests]: ProductosApplicationTests does not declare any static, non-private, non-final, nested classes annotated with @Configuration.
12:52:49.434 [main] INFO org.springframework.boot.test.context.SpringBootTestContextBootstrapper -- Found @SpringBootConfiguration com.example.Productos.ProductosApplication for test class com.example.Productos.ProductosApplicationTests

  .   ____          _            __ _ _
 /\\ / ___'_ __ _ _(_)_ __  __ _ \ \ \ \
( ( )\___ | '_ | '_| | '_ \/ _` | \ \ \ \
 \\/  ___)| |_)| | | | | || (_| |  ) ) ) )
  '  |____| .__|_| |_|_| |_\__, | / / / /
 =========|_|==============|___/=/_/_/_/

 :: Spring Boot ::                (v4.0.0)

2025-11-29T12:52:49.700-03:00  INFO 15944 --- [Productos] [           main] c.e.Productos.ProductosApplicationTests  : Starting ProductosApplicationTests using Java 19.0.2 with PID 15944 (started by SSDD in C:\Users\SSDD\Desktop\Backend_AplicacionesMoviles\Productos)
2025-11-29T12:52:49.703-03:00  INFO 15944 --- [Productos] [           main] c.e.Productos.ProductosApplicationTests  : No active profile set, falling back to 1 default profile: "default"
2025-11-29T12:52:50.116-03:00  INFO 15944 --- [Productos] [           main] .s.d.r.c.RepositoryConfigurationDelegate : Bootstrapping Spring Data JPA repositories in DEFAULT mode.
2025-11-29T12:52:50.156-03:00  INFO 15944 --- [Productos] [           main] .s.d.r.c.RepositoryConfigurationDelegate : Finished Spring Data repository scanning in 32 ms. Found 1 JPA repository interface.
2025-11-29T12:52:50.416-03:00  INFO 15944 --- [Productos] [           main] o.hibernate.jpa.internal.util.LogHelper  : HHH000204: Processing PersistenceUnitInfo [name: default]
2025-11-29T12:52:50.459-03:00  INFO 15944 --- [Productos] [           main] org.hibernate.Version                    : HHH000412: Hibernate ORM core version 7.1.8.Final
2025-11-29T12:52:50.839-03:00  INFO 15944 --- [Productos] [           main] o.s.o.j.p.SpringPersistenceUnitInfo      : No LoadTimeWeaver setup: ignoring JPA class transformer
2025-11-29T12:52:50.860-03:00  INFO 15944 --- [Productos] [           main] com.zaxxer.hikari.HikariDataSource       : HikariPool-1 - Starting...
2025-11-29T12:52:52.273-03:00  INFO 15944 --- [Productos] [           main] com.zaxxer.hikari.pool.HikariPool        : HikariPool-1 - Added connection com.mysql.cj.jdbc.ConnectionImpl@7af9595d
2025-11-29T12:52:52.275-03:00  INFO 15944 --- [Productos] [           main] com.zaxxer.hikari.HikariDataSource       : HikariPool-1 - Start completed.
2025-11-29T12:52:52.592-03:00  WARN 15944 --- [Productos] [           main] org.hibernate.orm.deprecation            : HHH90000025: MySQLDialect does not need to be specified explicitly using 'hibernate.dialect' (remove the property setting and it will be selected by default)
2025-11-29T12:52:52.754-03:00  INFO 15944 --- [Productos] [           main] org.hibernate.orm.connections.pooling    : HHH10001005: Database info:
	Database JDBC URL [jdbc:mysql://caboose.proxy.rlwy.net:35580/railway?useSSL=false&serverTimezone=UTC&allowPublicKeyRetrieval=true]
	Database driver: MySQL Connector/J
	Database dialect: MySQLDialect
	Database version: 9.4
	Default catalog/schema: railway/undefined
	Autocommit mode: undefined/unknown
	Isolation level: REPEATABLE_READ [default REPEATABLE_READ]
	JDBC fetch size: none
	Pool: DatasourceConnectionProviderImpl
	Minimum pool size: undefined/unknown
	Maximum pool size: undefined/unknown
2025-11-29T12:52:53.241-03:00  INFO 15944 --- [Productos] [           main] o.h.e.t.j.p.i.JtaPlatformInitiator       : HHH000489: No JTA platform available (set 'hibernate.transaction.jta.platform' to enable JTA platform integration)
2025-11-29T12:52:53.842-03:00  INFO 15944 --- [Productos] [           main] j.LocalContainerEntityManagerFactoryBean : Initialized JPA EntityManagerFactory for persistence unit 'default'
2025-11-29T12:52:53.904-03:00  INFO 15944 --- [Productos] [           main] o.s.d.j.r.query.QueryEnhancerFactories   : Hibernate is in classpath; If applicable, HQL parser will be used.
2025-11-29T12:52:54.073-03:00  WARN 15944 --- [Productos] [           main] JpaBaseConfiguration$JpaWebConfiguration : spring.jpa.open-in-view is enabled by default. Therefore, database queries may be performed during view rendering. Explicitly configure spring.jpa.open-in-view to disable this warning
2025-11-29T12:52:54.381-03:00  INFO 15944 --- [Productos] [           main] c.e.Productos.ProductosApplicationTests  : Started ProductosApplicationTests in 4.86 seconds (process running for 5.71)
]]></system-out>
  </testcase>
</testsuite>